Arguments: 
  C:\Program Files\nodejs\node.exe C:\Program Files (x86)\Yarn\bin\yarn.js install

PATH: 
  C:\Python39\Scripts\;C:\Python39\;C:\Windows\system32;C:\Windows;C:\Windows\System32\Wbem;C:\Windows\System32\WindowsPowerShell\v1.0\;C:\Windows\System32\OpenSSH\;C:\Program Files (x86)\NVIDIA Corporation\PhysX\Common;C:\Program Files\NVIDIA Corporation\NVIDIA NvDLISR;C:\WINDOWS\system32;C:\WINDOWS;C:\WINDOWS\System32\Wbem;C:\WINDOWS\System32\WindowsPowerShell\v1.0\;C:\WINDOWS\System32\OpenSSH\;C:\Program Files\nodejs\;C:\ProgramData\chocolatey\bin;C:\Program Files (x86)\Yarn\bin\;C:\Program Files\Git\cmd;C:\Program Files\Amazon\AWSCLIV2\;C:\Users\waris\.cargo\bin;C:\Users\waris\AppData\Local\Microsoft\WindowsApps;C:\Users\waris\AppData\Roaming\npm;C:\Users\waris\AppData\Local\Yarn\bin;C:\Users\waris\AppData\Local\GitHubDesktop\bin;C:\Users\waris\AppData\Local\Programs\Microsoft VS Code\bin

Yarn version: 
  1.22.5

Node version: 
  14.15.3

Platform: 
  win32 x64

Trace: 
  Error: https://registry.yarnpkg.com/@aws-cdk%2faws-cloudwatch.Dashboard: Not found
      at Request.params.callback [as _callback] (C:\Program Files (x86)\Yarn\lib\cli.js:66097:18)
      at Request.self.callback (C:\Program Files (x86)\Yarn\lib\cli.js:140749:22)
      at Request.emit (events.js:315:20)
      at Request.<anonymous> (C:\Program Files (x86)\Yarn\lib\cli.js:141721:10)
      at Request.emit (events.js:315:20)
      at IncomingMessage.<anonymous> (C:\Program Files (x86)\Yarn\lib\cli.js:141643:12)
      at Object.onceWrapper (events.js:421:28)
      at IncomingMessage.emit (events.js:327:22)
      at endReadableNT (internal/streams/readable.js:1327:12)
      at processTicksAndRejections (internal/process/task_queues.js:80:21)

npm manifest: 
  {
    "name": "step04_dashboard",
    "version": "0.1.0",
    "bin": {
      "step04_dashboard": "bin/step04_dashboard.js"
    },
    "scripts": {
      "build": "tsc",
      "watch": "tsc -w",
      "test": "jest",
      "cdk": "cdk"
    },
    "devDependencies": {
      "@aws-cdk/assert": "1.87.1",
      "@types/jest": "^26.0.10",
      "@types/node": "10.17.27",
      "jest": "^26.4.2",
      "ts-jest": "^26.2.0",
      "aws-cdk": "1.87.1",
      "ts-node": "^9.0.0",
      "typescript": "~3.9.7"
    },
    "dependencies": {
      "@aws-cdk/core": "1.87.1",
      "@aws-cdk/aws-cloudwatch": "^1.87.1",
      "@aws-cdk/aws-lambda": "^1.87.1",
      "@aws-cdk/aws-sns": "^1.87.1",
      "@aws-cdk/aws-cloudwatch.Dashboard": "^1.87.1",
      "source-map-support": "^0.5.16"
    }
  }

yarn manifest: 
  No manifest

Lockfile: 
  No lockfile
