Arguments: 
  /usr/bin/node /usr/local/bin/yarn

PATH: 
  /usr/local/sbin:/usr/local/bin:/usr/sbin:/usr/bin:/sbin:/bin:/usr/games:/usr/local/games:/snap/bin

Yarn version: 
  1.22.10

Node version: 
  12.18.2

Platform: 
  linux x64

Trace: 
  Error: connect ECONNREFUSED 192.168.22.35:443
      at TCPConnectWrap.afterConnect [as oncomplete] (net.js:1135:16)

npm manifest: 
  {
    "name": "stepxx_basic_pipeline",
    "version": "0.1.0",
    "bin": {
      "stepxx_basic_pipeline": "bin/stepxx_basic_pipeline.js"
    },
    "scripts": {
      "build": "tsc",
      "watch": "tsc -w",
      "test": "jest",
      "cdk": "cdk"
    },
    "devDependencies": {
      "@aws-cdk/assert": "1.73.0",
      "@types/jest": "^26.0.10",
      "@types/node": "10.17.27",
      "jest": "^26.4.2",
      "ts-jest": "^26.2.0",
      "aws-cdk": "1.73.0",
      "ts-node": "^8.1.0",
      "typescript": "~3.9.7"
    },
    "dependencies": {
      "@aws-cdk/aws-codebuild": "1.74.0",
      "@aws-cdk/aws-codepipeline": "1.74.0",
      "@aws-cdk/aws-codepipeline-actions": "1.74.0",
      "@aws-cdk/aws-lambda": "1.74.0",
      "@aws-cdk/core": "1.74.0",
      "source-map-support": "^0.5.16"
    }
  }

yarn manifest: 
  No manifest

Lockfile: 
  No lockfile
